<?xml version="1.0" encoding="UTF-8"?>
<!-- Generated by org.testng.reporters.JUnitXMLReporter -->
<testsuite hostname="DESKTOP-HHQAO2M" ignored="0" name="Command line test" tests="1" failures="1" timestamp="10 Sep 2021 08:08:56 GMT" time="30.079" errors="0">
  <testcase name="runScenario" time="27.875" classname="cucumber.api.testng.AbstractTestNGCucumberTests">
    <failure type="org.openqa.selenium.SessionNotCreatedException" message="session not created: This version of ChromeDriver only supports Chrome version 85
Build info: version: &amp;apos;3.141.59&amp;apos;, revision: &amp;apos;e82be7d358&amp;apos;, time: &amp;apos;2018-11-14T08:17:03&amp;apos;
System info: host: &amp;apos;DESKTOP-HHQAO2M&amp;apos;, ip: &amp;apos;192.168.1.124&amp;apos;, os.name: &amp;apos;Windows 10&amp;apos;, os.arch: &amp;apos;amd64&amp;apos;, os.version: &amp;apos;10.0&amp;apos;, java.version: &amp;apos;1.8.0_251&amp;apos;
Driver info: driver.version: ChromeDriver
remote stacktrace: Backtrace:
	Ordinal0 [0x003DD383+3134339]
	Ordinal0 [0x002CA171+2007409]
	Ordinal0 [0x0016AEE8+569064]
	Ordinal0 [0x000F139F+70559]
	Ordinal0 [0x000ECC63+52323]
	Ordinal0 [0x00110DFC+200188]
	Ordinal0 [0x00110C1D+199709]
	Ordinal0 [0x0010EB0B+191243]
	Ordinal0 [0x000F2E77+77431]
	Ordinal0 [0x000F3E3E+81470]
	Ordinal0 [0x000F3DC9+81353]
	Ordinal0 [0x002E0CD9+2100441]
	GetHandleVerifier [0x0054B75A+1396954]
	GetHandleVerifier [0x0054B3D9+1396057]
	GetHandleVerifier [0x00557126+1444518]
	GetHandleVerifier [0x0054BCE8+1398376]
	Ordinal0 [0x002D7F51+2064209]
	Ordinal0 [0x002E22EB+2106091]
	Ordinal0 [0x002E2411+2106385]
	Ordinal0 [0x002F49C4+2181572]
	BaseThreadInitThunk [0x74AC8744+36]
	RtlGetAppContainerNamedObjectPath [0x7715587D+253]
	RtlGetAppContainerNamedObjectPath [0x7715584D+205]
	(No symbol) [0x00000000]
">
      <![CDATA[org.openqa.selenium.SessionNotCreatedException: session not created: This version of ChromeDriver only supports Chrome version 85
Build info: version: '3.141.59', revision: 'e82be7d358', time: '2018-11-14T08:17:03'
System info: host: 'DESKTOP-HHQAO2M', ip: '192.168.1.124', os.name: 'Windows 10', os.arch: 'amd64', os.version: '10.0', java.version: '1.8.0_251'
Driver info: driver.version: ChromeDriver
remote stacktrace: Backtrace:
Ordinal0 [0x003DD383+3134339]
Ordinal0 [0x002CA171+2007409]
Ordinal0 [0x0016AEE8+569064]
Ordinal0 [0x000F139F+70559]
Ordinal0 [0x000ECC63+52323]
Ordinal0 [0x00110DFC+200188]
Ordinal0 [0x00110C1D+199709]
Ordinal0 [0x0010EB0B+191243]
Ordinal0 [0x000F2E77+77431]
Ordinal0 [0x000F3E3E+81470]
Ordinal0 [0x000F3DC9+81353]
Ordinal0 [0x002E0CD9+2100441]
GetHandleVerifier [0x0054B75A+1396954]
GetHandleVerifier [0x0054B3D9+1396057]
GetHandleVerifier [0x00557126+1444518]
GetHandleVerifier [0x0054BCE8+1398376]
Ordinal0 [0x002D7F51+2064209]
Ordinal0 [0x002E22EB+2106091]
Ordinal0 [0x002E2411+2106385]
Ordinal0 [0x002F49C4+2181572]
BaseThreadInitThunk [0x74AC8744+36]
RtlGetAppContainerNamedObjectPath [0x7715587D+253]
RtlGetAppContainerNamedObjectPath [0x7715584D+205]
(No symbol) [0x00000000]

at org.openqa.selenium.remote.W3CHandshakeResponse.lambda$errorHandler$0(W3CHandshakeResponse.java:62)
at org.openqa.selenium.remote.HandshakeResponse.lambda$getResponseFunction$0(HandshakeResponse.java:30)
at org.openqa.selenium.remote.ProtocolHandshake.lambda$createSession$0(ProtocolHandshake.java:126)
at java.util.stream.ReferencePipeline$3$1.accept(ReferencePipeline.java:193)
at java.util.Spliterators$ArraySpliterator.tryAdvance(Spliterators.java:958)
at java.util.stream.ReferencePipeline.forEachWithCancel(ReferencePipeline.java:126)
at java.util.stream.AbstractPipeline.copyIntoWithCancel(AbstractPipeline.java:499)
at java.util.stream.AbstractPipeline.copyInto(AbstractPipeline.java:486)
at java.util.stream.AbstractPipeline.wrapAndCopyInto(AbstractPipeline.java:472)
at java.util.stream.FindOps$FindOp.evaluateSequential(FindOps.java:152)
at java.util.stream.AbstractPipeline.evaluate(AbstractPipeline.java:234)
at java.util.stream.ReferencePipeline.findFirst(ReferencePipeline.java:464)
at org.openqa.selenium.remote.ProtocolHandshake.createSession(ProtocolHandshake.java:128)
at org.openqa.selenium.remote.ProtocolHandshake.createSession(ProtocolHandshake.java:74)
at org.openqa.selenium.remote.HttpCommandExecutor.execute(HttpCommandExecutor.java:136)
at org.openqa.selenium.remote.service.DriverCommandExecutor.execute(DriverCommandExecutor.java:83)
at org.openqa.selenium.remote.RemoteWebDriver.execute(RemoteWebDriver.java:552)
at org.openqa.selenium.remote.RemoteWebDriver.startSession(RemoteWebDriver.java:213)
at org.openqa.selenium.remote.RemoteWebDriver.<init>(RemoteWebDriver.java:131)
at org.openqa.selenium.chrome.ChromeDriver.<init>(ChromeDriver.java:181)
at org.openqa.selenium.chrome.ChromeDriver.<init>(ChromeDriver.java:168)
at org.openqa.selenium.chrome.ChromeDriver.<init>(ChromeDriver.java:123)
at steps.Hooks.openBrowser(Hooks.java:17)
at cucumber.runtime.Utils$1.call(Utils.java:26)
at cucumber.runtime.Timeout.timeout(Timeout.java:16)
at cucumber.runtime.Utils.invoke(Utils.java:20)
at cucumber.runtime.java.JavaHookDefinition.execute(JavaHookDefinition.java:60)
at cucumber.runner.HookDefinitionMatch.runStep(HookDefinitionMatch.java:16)
at cucumber.runner.TestStep.executeStep(TestStep.java:65)
at cucumber.runner.TestStep.run(TestStep.java:50)
at cucumber.runner.TestCase.run(TestCase.java:42)
at cucumber.runner.Runner.runPickle(Runner.java:50)
at cucumber.api.testng.TestNGCucumberRunner.runScenario(TestNGCucumberRunner.java:58)
at cucumber.api.testng.AbstractTestNGCucumberTests.runScenario(AbstractTestNGCucumberTests.java:22)
... Removed 43 stack frames]]>
    </failure>
  </testcase> <!-- runScenario -->
</testsuite> <!-- Command line test -->
